<?xml version="1.0" encoding="UTF-8"?>
<!-- Generated by org.testng.reporters.JUnitReportReporter -->
<testsuite hostname="Rithesh" failures="0" tests="1" name="test.TestRunner" time="6.801" errors="0" timestamp="2025-06-02T09:10:27 IST" skipped="0">
  <testcase classname="test.TestRunner" name="runScenario" time="6.801"/>
  <system-out/>
</testsuite> <!-- test.TestRunner -->
