<?xml version="1.0" encoding="UTF-8"?>
<!-- Generated by org.testng.reporters.JUnitReportReporter -->
<testsuite hostname="Rithesh" failures="0" tests="1" name="test.TestRunner" time="10.338" errors="0" timestamp="2025-06-02T09:44:20 IST" skipped="0">
  <testcase classname="test.TestRunner" name="runScenario" time="10.338"/>
</testsuite> <!-- test.TestRunner -->
